# JRE version: Java(TM) SE Runtime Environment (14.0.1+7) (build 14.0.1+7)
# Java VM: Java HotSpot(TM) 64-Bit Server VM (14.0.1+7, mixed mode, sharing, tiered, compressed oops, g1 gc, windows-amd64)
Heap:
 garbage-first heap   total 122880K, used 48271K [0x00000000c1600000, 0x0000000100000000)
  region size 1024K, 2 young (2048K), 2 survivors (2048K)
 Metaspace       used 28510K, capacity 29462K, committed 29564K, reserved 1075200K
  class space    used 3107K, capacity 3423K, committed 3452K, reserved 1048576K
GC Heap History (20 events):
Event: 7.112 GC heap after
{Heap after GC invocations=7 (full 0):
 garbage-first heap   total 78848K, used 18774K [0x00000000c1600000, 0x0000000100000000)
  region size 1024K, 3 young (3072K), 3 survivors (3072K)
 Metaspace       used 14897K, capacity 15661K, committed 16000K, reserved 1062912K
  class space    used 1636K, capacity 1816K, committed 1920K, reserved 1048576K
}
Event: 8.302 GC heap before
{Heap before GC invocations=7 (full 0):
 garbage-first heap   total 78848K, used 57686K [0x00000000c1600000, 0x0000000100000000)
  region size 1024K, 41 young (41984K), 3 survivors (3072K)
 Metaspace       used 16136K, capacity 16908K, committed 17152K, reserved 1064960K
  class space    used 1756K, capacity 1997K, committed 2048K, reserved 1048576K
}
Event: 8.313 GC heap after
{Heap after GC invocations=8 (full 0):
 garbage-first heap   total 78848K, used 20395K [0x00000000c1600000, 0x0000000100000000)
  region size 1024K, 5 young (5120K), 5 survivors (5120K)
 Metaspace       used 16136K, capacity 16908K, committed 17152K, reserved 1064960K
  class space    used 1756K, capacity 1997K, committed 2048K, reserved 1048576K
}
Event: 8.850 GC heap before
{Heap before GC invocations=8 (full 0):
 garbage-first heap   total 78848K, used 59307K [0x00000000c1600000, 0x0000000100000000)
  region size 1024K, 43 young (44032K), 5 survivors (5120K)
 Metaspace       used 18196K, capacity 18854K, committed 18944K, reserved 1067008K
  class space    used 1992K, capacity 2225K, committed 2304K, reserved 1048576K
}
Event: 8.867 GC heap after
{Heap after GC invocations=9 (full 0):
 garbage-first heap   total 78848K, used 22382K [0x00000000c1600000, 0x0000000100000000)
  region size 1024K, 3 young (3072K), 3 survivors (3072K)
 Metaspace       used 18196K, capacity 18854K, committed 18944K, reserved 1067008K
  class space    used 1992K, capacity 2225K, committed 2304K, reserved 1048576K
}
Event: 9.246 GC heap before
{Heap before GC invocations=9 (full 0):
 garbage-first heap   total 78848K, used 37742K [0x00000000c1600000, 0x0000000100000000)
  region size 1024K, 20 young (20480K), 3 survivors (3072K)
 Metaspace       used 20521K, capacity 21196K, committed 21248K, reserved 1069056K
  class space    used 2305K, capacity 2514K, committed 2560K, reserved 1048576K
}
Event: 9.254 GC heap after
{Heap after GC invocations=10 (full 0):
 garbage-first heap   total 78848K, used 21583K [0x00000000c1600000, 0x0000000100000000)
  region size 1024K, 3 young (3072K), 3 survivors (3072K)
 Metaspace       used 20521K, capacity 21196K, committed 21248K, reserved 1069056K
  class space    used 2305K, capacity 2514K, committed 2560K, reserved 1048576K
}
Event: 10.028 GC heap before
{Heap before GC invocations=11 (full 0):
 garbage-first heap   total 78848K, used 63567K [0x00000000c1600000, 0x0000000100000000)
  region size 1024K, 43 young (44032K), 3 survivors (3072K)
 Metaspace       used 24714K, capacity 25499K, committed 25724K, reserved 1071104K
  class space    used 2771K, capacity 3061K, committed 3196K, reserved 1048576K
}
Event: 10.051 GC heap after
{Heap after GC invocations=12 (full 0):
 garbage-first heap   total 78848K, used 30740K [0x00000000c1600000, 0x0000000100000000)
  region size 1024K, 6 young (6144K), 6 survivors (6144K)
 Metaspace       used 24714K, capacity 25499K, committed 25724K, reserved 1071104K
  class space    used 2771K, capacity 3061K, committed 3196K, reserved 1048576K
}
Event: 10.790 GC heap before
{Heap before GC invocations=13 (full 0):
 garbage-first heap   total 78848K, used 61460K [0x00000000c1600000, 0x0000000100000000)
  region size 1024K, 37 young (37888K), 6 survivors (6144K)
 Metaspace       used 24784K, capacity 25639K, committed 25980K, reserved 1073152K
  class space    used 2774K, capacity 3065K, committed 3196K, reserved 1048576K
}
Event: 10.809 GC heap after
{Heap after GC invocations=14 (full 0):
 garbage-first heap   total 95232K, used 37216K [0x00000000c1600000, 0x0000000100000000)
  region size 1024K, 5 young (5120K), 5 survivors (5120K)
 Metaspace       used 24784K, capacity 25639K, committed 25980K, reserved 1073152K
  class space    used 2774K, capacity 3065K, committed 3196K, reserved 1048576K
}
Event: 11.852 GC heap before
{Heap before GC invocations=14 (full 0):
 garbage-first heap   total 95232K, used 72032K [0x00000000c1600000, 0x0000000100000000)
  region size 1024K, 38 young (38912K), 5 survivors (5120K)
 Metaspace       used 25680K, capacity 26601K, committed 26748K, reserved 1073152K
  class space    used 2836K, capacity 3144K, committed 3196K, reserved 1048576K
}
Event: 11.896 GC heap after
{Heap after GC invocations=15 (full 0):
 garbage-first heap   total 95232K, used 44589K [0x00000000c1600000, 0x0000000100000000)
  region size 1024K, 5 young (5120K), 5 survivors (5120K)
 Metaspace       used 25680K, capacity 26601K, committed 26748K, reserved 1073152K
  class space    used 2836K, capacity 3144K, committed 3196K, reserved 1048576K
}
Event: 13.075 GC heap before
{Heap before GC invocations=15 (full 0):
 garbage-first heap   total 95232K, used 71213K [0x00000000c1600000, 0x0000000100000000)
  region size 1024K, 32 young (32768K), 5 survivors (5120K)
 Metaspace       used 27321K, capacity 28212K, committed 28412K, reserved 1075200K
  class space    used 3011K, capacity 3294K, committed 3324K, reserved 1048576K
}
Event: 13.091 GC heap after
{Heap after GC invocations=16 (full 0):
 garbage-first heap   total 95232K, used 46662K [0x00000000c1600000, 0x0000000100000000)
  region size 1024K, 2 young (2048K), 2 survivors (2048K)
 Metaspace       used 27321K, capacity 28212K, committed 28412K, reserved 1075200K
  class space    used 3011K, capacity 3294K, committed 3324K, reserved 1048576K
}
Event: 13.590 GC heap before
{Heap before GC invocations=16 (full 0):
 garbage-first heap   total 95232K, used 74310K [0x00000000c1600000, 0x0000000100000000)
  region size 1024K, 29 young (29696K), 2 survivors (2048K)
 Metaspace       used 28087K, capacity 29026K, committed 29308K, reserved 1075200K
  class space    used 3096K, capacity 3410K, committed 3452K, reserved 1048576K
}
Event: 13.602 GC heap after
{Heap after GC invocations=17 (full 0):
 garbage-first heap   total 95232K, used 47396K [0x00000000c1600000, 0x0000000100000000)
  region size 1024K, 3 young (3072K), 3 survivors (3072K)
 Metaspace       used 28087K, capacity 29026K, committed 29308K, reserved 1075200K
  class space    used 3096K, capacity 3410K, committed 3452K, reserved 1048576K
}
Event: 13.969 GC heap before
{Heap before GC invocations=18 (full 0):
 garbage-first heap   total 102400K, used 75044K [0x00000000c1600000, 0x0000000100000000)
  region size 1024K, 30 young (30720K), 3 survivors (3072K)
 Metaspace       used 28189K, capacity 29177K, committed 29308K, reserved 1075200K
  class space    used 3102K, capacity 3417K, committed 3452K, reserved 1048576K
}
Event: 13.983 GC heap after
{Heap after GC invocations=19 (full 0):
 garbage-first heap   total 102400K, used 48000K [0x00000000c1600000, 0x0000000100000000)
  region size 1024K, 3 young (3072K), 3 survivors (3072K)
 Metaspace       used 28189K, capacity 29177K, committed 29308K, reserved 1075200K
  class space    used 3102K, capacity 3417K, committed 3452K, reserved 1048576K
}
Event: 14.525 GC heap before
{Heap before GC invocations=19 (full 0):
 garbage-first heap   total 102400K, used 81792K [0x00000000c1600000, 0x0000000100000000)
  region size 1024K, 36 young (36864K), 3 survivors (3072K)
 Metaspace       used 28510K, capacity 29462K, committed 29564K, reserved 1075200K
  class space    used 3107K, capacity 3423K, committed 3452K, reserved 1048576K
}

