# JRE version: Java(TM) SE Runtime Environment (14.0.1+7) (build 14.0.1+7)
# Java VM: Java HotSpot(TM) 64-Bit Server VM (14.0.1+7, mixed mode, sharing, tiered, compressed oops, g1 gc, windows-amd64)
Heap:
 garbage-first heap   total 65536K, used 21350K [0x00000000c1600000, 0x0000000100000000)
  region size 1024K, 19 young (19456K), 2 survivors (2048K)
 Metaspace       used 11917K, capacity 13155K, committed 13184K, reserved 1062912K
  class space    used 1439K, capacity 1645K, committed 1664K, reserved 1048576K
GC Heap History (6 events):
Event: 1.848 GC heap before
{Heap before GC invocations=0 (full 0):
 garbage-first heap   total 65536K, used 12288K [0x00000000c1600000, 0x0000000100000000)
  region size 1024K, 13 young (13312K), 0 survivors (0K)
 Metaspace       used 3914K, capacity 6215K, committed 6400K, reserved 1056768K
  class space    used 404K, capacity 651K, committed 768K, reserved 1048576K
}
Event: 1.863 GC heap after
{Heap after GC invocations=1 (full 0):
 garbage-first heap   total 65536K, used 3424K [0x00000000c1600000, 0x0000000100000000)
  region size 1024K, 2 young (2048K), 2 survivors (2048K)
 Metaspace       used 3914K, capacity 6215K, committed 6400K, reserved 1056768K
  class space    used 404K, capacity 651K, committed 768K, reserved 1048576K
}
Event: 2.331 GC heap before
{Heap before GC invocations=1 (full 0):
 garbage-first heap   total 65536K, used 16736K [0x00000000c1600000, 0x0000000100000000)
  region size 1024K, 15 young (15360K), 2 survivors (2048K)
 Metaspace       used 6163K, capacity 7961K, committed 8192K, reserved 1056768K
  class space    used 719K, capacity 913K, committed 1024K, reserved 1048576K
}
Event: 2.340 GC heap after
{Heap after GC invocations=2 (full 0):
 garbage-first heap   total 65536K, used 4140K [0x00000000c1600000, 0x0000000100000000)
  region size 1024K, 1 young (1024K), 1 survivors (1024K)
 Metaspace       used 6163K, capacity 7961K, committed 8192K, reserved 1056768K
  class space    used 719K, capacity 913K, committed 1024K, reserved 1048576K
}
Event: 3.159 GC heap before
{Heap before GC invocations=2 (full 0):
 garbage-first heap   total 65536K, used 28716K [0x00000000c1600000, 0x0000000100000000)
  region size 1024K, 25 young (25600K), 1 survivors (1024K)
 Metaspace       used 9293K, capacity 10768K, committed 10880K, reserved 1058816K
  class space    used 1109K, capacity 1312K, committed 1408K, reserved 1048576K
}
Event: 3.166 GC heap after
{Heap after GC invocations=3 (full 0):
 garbage-first heap   total 65536K, used 4966K [0x00000000c1600000, 0x0000000100000000)
  region size 1024K, 2 young (2048K), 2 survivors (2048K)
 Metaspace       used 9293K, capacity 10768K, committed 10880K, reserved 1058816K
  class space    used 1109K, capacity 1312K, committed 1408K, reserved 1048576K
}

