# JRE version: Java(TM) SE Runtime Environment (14.0.1+7) (build 14.0.1+7)
# Java VM: Java HotSpot(TM) 64-Bit Server VM (14.0.1+7, mixed mode, sharing, tiered, compressed oops, g1 gc, windows-amd64)
Heap:
 garbage-first heap   total 119808K, used 49779K [0x00000000c1600000, 0x0000000100000000)
  region size 1024K, 4 young (4096K), 3 survivors (3072K)
 Metaspace       used 30171K, capacity 31269K, committed 31508K, reserved 1077248K
  class space    used 3303K, capacity 3665K, committed 3708K, reserved 1048576K
GC Heap History (20 events):
Event: 9.942 GC heap before
{Heap before GC invocations=8 (full 0):
 garbage-first heap   total 78848K, used 60250K [0x00000000c1600000, 0x0000000100000000)
  region size 1024K, 43 young (44032K), 4 survivors (4096K)
 Metaspace       used 18245K, capacity 18864K, committed 18944K, reserved 1067008K
  class space    used 1994K, capacity 2227K, committed 2304K, reserved 1048576K
}
Event: 9.952 GC heap after
{Heap after GC invocations=9 (full 0):
 garbage-first heap   total 78848K, used 20999K [0x00000000c1600000, 0x0000000100000000)
  region size 1024K, 3 young (3072K), 3 survivors (3072K)
 Metaspace       used 18245K, capacity 18864K, committed 18944K, reserved 1067008K
  class space    used 1994K, capacity 2227K, committed 2304K, reserved 1048576K
}
Event: 10.467 GC heap before
{Heap before GC invocations=9 (full 0):
 garbage-first heap   total 78848K, used 28167K [0x00000000c1600000, 0x0000000100000000)
  region size 1024K, 11 young (11264K), 3 survivors (3072K)
 Metaspace       used 20562K, capacity 21190K, committed 21248K, reserved 1069056K
  class space    used 2307K, capacity 2516K, committed 2560K, reserved 1048576K
}
Event: 10.475 GC heap after
{Heap after GC invocations=10 (full 0):
 garbage-first heap   total 78848K, used 21363K [0x00000000c1600000, 0x0000000100000000)
  region size 1024K, 3 young (3072K), 3 survivors (3072K)
 Metaspace       used 20562K, capacity 21190K, committed 21248K, reserved 1069056K
  class space    used 2307K, capacity 2516K, committed 2560K, reserved 1048576K
}
Event: 11.352 GC heap before
{Heap before GC invocations=11 (full 0):
 garbage-first heap   total 78848K, used 63347K [0x00000000c1600000, 0x0000000100000000)
  region size 1024K, 43 young (44032K), 3 survivors (3072K)
 Metaspace       used 24744K, capacity 25557K, committed 25876K, reserved 1073152K
  class space    used 2773K, capacity 3063K, committed 3196K, reserved 1048576K
}
Event: 11.372 GC heap after
{Heap after GC invocations=12 (full 0):
 garbage-first heap   total 78848K, used 30537K [0x00000000c1600000, 0x0000000100000000)
  region size 1024K, 6 young (6144K), 6 survivors (6144K)
 Metaspace       used 24744K, capacity 25557K, committed 25876K, reserved 1073152K
  class space    used 2773K, capacity 3063K, committed 3196K, reserved 1048576K
}
Event: 12.121 GC heap before
{Heap before GC invocations=13 (full 0):
 garbage-first heap   total 78848K, used 61257K [0x00000000c1600000, 0x0000000100000000)
  region size 1024K, 37 young (37888K), 6 survivors (6144K)
 Metaspace       used 24826K, capacity 25697K, committed 25876K, reserved 1073152K
  class space    used 2775K, capacity 3067K, committed 3196K, reserved 1048576K
}
Event: 12.137 GC heap after
{Heap after GC invocations=14 (full 0):
 garbage-first heap   total 95232K, used 37605K [0x00000000c1600000, 0x0000000100000000)
  region size 1024K, 5 young (5120K), 5 survivors (5120K)
 Metaspace       used 24826K, capacity 25697K, committed 25876K, reserved 1073152K
  class space    used 2775K, capacity 3067K, committed 3196K, reserved 1048576K
}
Event: 12.880 GC heap before
{Heap before GC invocations=14 (full 0):
 garbage-first heap   total 95232K, used 72421K [0x00000000c1600000, 0x0000000100000000)
  region size 1024K, 38 young (38912K), 5 survivors (5120K)
 Metaspace       used 25709K, capacity 26595K, committed 26900K, reserved 1073152K
  class space    used 2837K, capacity 3146K, committed 3196K, reserved 1048576K
}
Event: 12.904 GC heap after
{Heap after GC invocations=15 (full 0):
 garbage-first heap   total 95232K, used 44234K [0x00000000c1600000, 0x0000000100000000)
  region size 1024K, 5 young (5120K), 5 survivors (5120K)
 Metaspace       used 25709K, capacity 26595K, committed 26900K, reserved 1073152K
  class space    used 2837K, capacity 3146K, committed 3196K, reserved 1048576K
}
Event: 13.977 GC heap before
{Heap before GC invocations=15 (full 0):
 garbage-first heap   total 95232K, used 72906K [0x00000000c1600000, 0x0000000100000000)
  region size 1024K, 33 young (33792K), 5 survivors (5120K)
 Metaspace       used 27417K, capacity 28300K, committed 28436K, reserved 1075200K
  class space    used 3028K, capacity 3328K, committed 3452K, reserved 1048576K
}
Event: 13.995 GC heap after
{Heap after GC invocations=16 (full 0):
 garbage-first heap   total 95232K, used 45735K [0x00000000c1600000, 0x0000000100000000)
  region size 1024K, 2 young (2048K), 2 survivors (2048K)
 Metaspace       used 27417K, capacity 28300K, committed 28436K, reserved 1075200K
  class space    used 3028K, capacity 3328K, committed 3452K, reserved 1048576K
}
Event: 14.456 GC heap before
{Heap before GC invocations=16 (full 0):
 garbage-first heap   total 95232K, used 74407K [0x00000000c1600000, 0x0000000100000000)
  region size 1024K, 30 young (30720K), 2 survivors (2048K)
 Metaspace       used 28072K, capacity 29021K, committed 29204K, reserved 1075200K
  class space    used 3099K, capacity 3413K, committed 3452K, reserved 1048576K
}
Event: 14.469 GC heap after
{Heap after GC invocations=17 (full 0):
 garbage-first heap   total 95232K, used 46486K [0x00000000c1600000, 0x0000000100000000)
  region size 1024K, 3 young (3072K), 3 survivors (3072K)
 Metaspace       used 28072K, capacity 29021K, committed 29204K, reserved 1075200K
  class space    used 3099K, capacity 3413K, committed 3452K, reserved 1048576K
}
Event: 14.753 GC heap before
{Heap before GC invocations=18 (full 0):
 garbage-first heap   total 99328K, used 75158K [0x00000000c1600000, 0x0000000100000000)
  region size 1024K, 31 young (31744K), 3 survivors (3072K)
 Metaspace       used 28184K, capacity 29105K, committed 29204K, reserved 1075200K
  class space    used 3105K, capacity 3419K, committed 3452K, reserved 1048576K
}
Event: 14.764 GC heap after
{Heap after GC invocations=19 (full 0):
 garbage-first heap   total 99328K, used 47070K [0x00000000c1600000, 0x0000000100000000)
  region size 1024K, 3 young (3072K), 3 survivors (3072K)
 Metaspace       used 28184K, capacity 29105K, committed 29204K, reserved 1075200K
  class space    used 3105K, capacity 3419K, committed 3452K, reserved 1048576K
}
Event: 15.156 GC heap before
{Heap before GC invocations=19 (full 0):
 garbage-first heap   total 99328K, used 79838K [0x00000000c1600000, 0x0000000100000000)
  region size 1024K, 35 young (35840K), 3 survivors (3072K)
 Metaspace       used 28475K, capacity 29392K, committed 29460K, reserved 1075200K
  class space    used 3109K, capacity 3425K, committed 3452K, reserved 1048576K
}
Event: 15.168 GC heap after
{Heap after GC invocations=20 (full 0):
 garbage-first heap   total 99328K, used 47086K [0x00000000c1600000, 0x0000000100000000)
  region size 1024K, 2 young (2048K), 2 survivors (2048K)
 Metaspace       used 28475K, capacity 29392K, committed 29460K, reserved 1075200K
  class space    used 3109K, capacity 3425K, committed 3452K, reserved 1048576K
}
Event: 16.041 GC heap before
{Heap before GC invocations=21 (full 0):
 garbage-first heap   total 99328K, used 75758K [0x00000000c1600000, 0x0000000100000000)
  region size 1024K, 31 young (31744K), 2 survivors (2048K)
 Metaspace       used 30049K, capacity 31070K, committed 31252K, reserved 1077248K
  class space    used 3303K, capacity 3665K, committed 3708K, reserved 1048576K
}
Event: 16.056 GC heap after
{Heap after GC invocations=22 (full 0):
 garbage-first heap   total 119808K, used 47731K [0x00000000c1600000, 0x0000000100000000)
  region size 1024K, 3 young (3072K), 3 survivors (3072K)
 Metaspace       used 30049K, capacity 31070K, committed 31252K, reserved 1077248K
  class space    used 3303K, capacity 3665K, committed 3708K, reserved 1048576K
}

